<testsuites id="" name="" tests="80" failures="79" skipped="0" errors="0" time="169.253891">
<testsuite name="core-functionality.spec.ts" timestamp="2025-09-28T18:03:54.564Z" hostname="chromium" tests="16" failures="15" skipped="0" time="479.089" errors="0">
<testcase name="Apple Notes + Todoist Interface › should display three-panel Apple Notes layout" classname="core-functionality.spec.ts" time="27.257">
<failure message="core-functionality.spec.ts:16:7 should display three-panel Apple Notes layout" type="FAILURE">
<![CDATA[  [chromium] › core-functionality.spec.ts:16:7 › Apple Notes + Todoist Interface › should display three-panel Apple Notes layout 

    Error: expect(locator).toBeVisible() failed

    Locator:  locator('[data-testid="sidebar"]').first()
    Expected: visible
    Received: <element(s) not found>
    Timeout:  10000ms

    Call log:
      - Expect "toBeVisible" with timeout 10000ms
      - waiting for locator('[data-testid="sidebar"]').first()


      20 |     const editor = page.locator('[data-testid="note-editor"]').first();
      21 |
    > 22 |     await expect(sidebar).toBeVisible();
         |                           ^
      23 |     await expect(noteList).toBeVisible();
      24 |     await expect(editor).toBeVisible();
      25 |   });
        at D:\Projects\Cathcr\tests\e2e\core-functionality.spec.ts:22:27

    attachment #1: screenshot (image/png) ──────────────────────────────────────────────────────────
    ..\..\test-results\core-functionality-Apple-N-f28a6-ee-panel-Apple-Notes-layout-chromium\test-failed-1.png
    ────────────────────────────────────────────────────────────────────────────────────────────────

    attachment #2: video (video/webm) ──────────────────────────────────────────────────────────────
    ..\..\test-results\core-functionality-Apple-N-f28a6-ee-panel-Apple-Notes-layout-chromium\video.webm
    ────────────────────────────────────────────────────────────────────────────────────────────────
]]>
</failure>
<system-out>
<![CDATA[
[[ATTACHMENT|core-functionality-Apple-N-f28a6-ee-panel-Apple-Notes-layout-chromium\test-failed-1.png]]

[[ATTACHMENT|core-functionality-Apple-N-f28a6-ee-panel-Apple-Notes-layout-chromium\video.webm]]
]]>
</system-out>
</testcase>
<testcase name="Apple Notes + Todoist Interface › should collapse and expand sidebar like Apple Notes" classname="core-functionality.spec.ts" time="27.969">
<failure message="core-functionality.spec.ts:27:7 should collapse and expand sidebar like Apple Notes" type="FAILURE">
<![CDATA[  [chromium] › core-functionality.spec.ts:27:7 › Apple Notes + Todoist Interface › should collapse and expand sidebar like Apple Notes 

    Error: expect(locator).toBeVisible() failed

    Locator:  locator('[data-testid="sidebar"]').first()
    Expected: visible
    Received: <element(s) not found>
    Timeout:  10000ms

    Call log:
      - Expect "toBeVisible" with timeout 10000ms
      - waiting for locator('[data-testid="sidebar"]').first()


      30 |
      31 |     // Test initial expanded state
    > 32 |     await expect(sidebar).toBeVisible();
         |                           ^
      33 |
      34 |     // Test collapse
      35 |     await collapseButton.click();
        at D:\Projects\Cathcr\tests\e2e\core-functionality.spec.ts:32:27

    attachment #1: screenshot (image/png) ──────────────────────────────────────────────────────────
    ..\..\test-results\core-functionality-Apple-N-00bed-nd-sidebar-like-Apple-Notes-chromium\test-failed-1.png
    ────────────────────────────────────────────────────────────────────────────────────────────────

    attachment #2: video (video/webm) ──────────────────────────────────────────────────────────────
    ..\..\test-results\core-functionality-Apple-N-00bed-nd-sidebar-like-Apple-Notes-chromium\video.webm
    ────────────────────────────────────────────────────────────────────────────────────────────────
]]>
</failure>
<system-out>
<![CDATA[
[[ATTACHMENT|core-functionality-Apple-N-00bed-nd-sidebar-like-Apple-Notes-chromium\test-failed-1.png]]

[[ATTACHMENT|core-functionality-Apple-N-00bed-nd-sidebar-like-Apple-Notes-chromium\video.webm]]
]]>
</system-out>
</testcase>
<testcase name="Apple Notes + Todoist Interface › should display smart collections (Inbox, Today, Completed)" classname="core-functionality.spec.ts" time="28.306">
<failure message="core-functionality.spec.ts:44:7 should display smart collections (Inbox, Today, Completed)" type="FAILURE">
<![CDATA[  [chromium] › core-functionality.spec.ts:44:7 › Apple Notes + Todoist Interface › should display smart collections (Inbox, Today, Completed) 

    Error: expect(locator).toBeVisible() failed

    Locator:  locator('text=Inbox').first()
    Expected: visible
    Received: <element(s) not found>
    Timeout:  10000ms

    Call log:
      - Expect "toBeVisible" with timeout 10000ms
      - waiting for locator('text=Inbox').first()


      47 |     const completed = page.locator('text=Completed').first();
      48 |
    > 49 |     await expect(inbox).toBeVisible();
         |                         ^
      50 |     await expect(today).toBeVisible();
      51 |     await expect(completed).toBeVisible();
      52 |   });
        at D:\Projects\Cathcr\tests\e2e\core-functionality.spec.ts:49:25

    attachment #1: screenshot (image/png) ──────────────────────────────────────────────────────────
    ..\..\test-results\core-functionality-Apple-N-addd6-ions-Inbox-Today-Completed--chromium\test-failed-1.png
    ────────────────────────────────────────────────────────────────────────────────────────────────

    attachment #2: video (video/webm) ──────────────────────────────────────────────────────────────
    ..\..\test-results\core-functionality-Apple-N-addd6-ions-Inbox-Today-Completed--chromium\video.webm
    ────────────────────────────────────────────────────────────────────────────────────────────────
]]>
</failure>
<system-out>
<![CDATA[
[[ATTACHMENT|core-functionality-Apple-N-addd6-ions-Inbox-Today-Completed--chromium\test-failed-1.png]]

[[ATTACHMENT|core-functionality-Apple-N-addd6-ions-Inbox-Today-Completed--chromium\video.webm]]
]]>
</system-out>
</testcase>
<testcase name="Apple Notes + Todoist Interface › should open quick capture modal via floating action button" classname="core-functionality.spec.ts" time="27.569">
<failure message="core-functionality.spec.ts:54:7 should open quick capture modal via floating action button" type="FAILURE">
<![CDATA[  [chromium] › core-functionality.spec.ts:54:7 › Apple Notes + Todoist Interface › should open quick capture modal via floating action button 

    Error: expect(locator).toBeVisible() failed

    Locator:  locator('[data-testid="quick-capture-fab"]').first()
    Expected: visible
    Received: <element(s) not found>
    Timeout:  10000ms

    Call log:
      - Expect "toBeVisible" with timeout 10000ms
      - waiting for locator('[data-testid="quick-capture-fab"]').first()


      54 |   test('should open quick capture modal via floating action button', async ({ page }) => {
      55 |     const fab = page.locator('[data-testid="quick-capture-fab"]').first();
    > 56 |     await expect(fab).toBeVisible();
         |                       ^
      57 |
      58 |     await fab.click();
      59 |
        at D:\Projects\Cathcr\tests\e2e\core-functionality.spec.ts:56:23

    attachment #1: screenshot (image/png) ──────────────────────────────────────────────────────────
    ..\..\test-results\core-functionality-Apple-N-12aff--via-floating-action-button-chromium\test-failed-1.png
    ────────────────────────────────────────────────────────────────────────────────────────────────

    attachment #2: video (video/webm) ──────────────────────────────────────────────────────────────
    ..\..\test-results\core-functionality-Apple-N-12aff--via-floating-action-button-chromium\video.webm
    ────────────────────────────────────────────────────────────────────────────────────────────────
]]>
</failure>
<system-out>
<![CDATA[
[[ATTACHMENT|core-functionality-Apple-N-12aff--via-floating-action-button-chromium\test-failed-1.png]]

[[ATTACHMENT|core-functionality-Apple-N-12aff--via-floating-action-button-chromium\video.webm]]
]]>
</system-out>
</testcase>
<testcase name="Apple Notes + Todoist Interface › should close modal with close button" classname="core-functionality.spec.ts" time="67.001">
<failure message="core-functionality.spec.ts:64:7 should close modal with close button" type="FAILURE">
<![CDATA[  [chromium] › core-functionality.spec.ts:64:7 › Apple Notes + Todoist Interface › should close modal with close button 

    Test timeout of 60000ms exceeded.

    Error: locator.click: Test timeout of 60000ms exceeded.
    Call log:
      - waiting for locator('[data-testid="quick-capture-fab"]').first()


      65 |     // Open modal
      66 |     const fab = page.locator('[data-testid="quick-capture-fab"]').first();
    > 67 |     await fab.click();
         |               ^
      68 |
      69 |     const modal = page.locator('[data-testid="voice-capture-modal"]').first();
      70 |     await expect(modal).toBeVisible();
        at D:\Projects\Cathcr\tests\e2e\core-functionality.spec.ts:67:15

    attachment #1: screenshot (image/png) ──────────────────────────────────────────────────────────
    ..\..\test-results\core-functionality-Apple-N-c8c42-ose-modal-with-close-button-chromium\test-failed-1.png
    ────────────────────────────────────────────────────────────────────────────────────────────────

    attachment #2: video (video/webm) ──────────────────────────────────────────────────────────────
    ..\..\test-results\core-functionality-Apple-N-c8c42-ose-modal-with-close-button-chromium\video.webm
    ────────────────────────────────────────────────────────────────────────────────────────────────
]]>
</failure>
<system-out>
<![CDATA[
[[ATTACHMENT|core-functionality-Apple-N-c8c42-ose-modal-with-close-button-chromium\test-failed-1.png]]

[[ATTACHMENT|core-functionality-Apple-N-c8c42-ose-modal-with-close-button-chromium\video.webm]]
]]>
</system-out>
</testcase>
<testcase name="Apple Notes + Todoist Interface › should close modal when clicking backdrop" classname="core-functionality.spec.ts" time="67.114">
<failure message="core-functionality.spec.ts:79:7 should close modal when clicking backdrop" type="FAILURE">
<![CDATA[  [chromium] › core-functionality.spec.ts:79:7 › Apple Notes + Todoist Interface › should close modal when clicking backdrop 

    Test timeout of 60000ms exceeded.

    Error: locator.click: Test timeout of 60000ms exceeded.
    Call log:
      - waiting for locator('[data-testid="quick-capture-fab"]').first()


      80 |     // Open modal
      81 |     const fab = page.locator('[data-testid="quick-capture-fab"]').first();
    > 82 |     await fab.click();
         |               ^
      83 |
      84 |     const modal = page.locator('[data-testid="voice-capture-modal"]').first();
      85 |     await expect(modal).toBeVisible();
        at D:\Projects\Cathcr\tests\e2e\core-functionality.spec.ts:82:15

    attachment #1: screenshot (image/png) ──────────────────────────────────────────────────────────
    ..\..\test-results\core-functionality-Apple-N-75bb7-odal-when-clicking-backdrop-chromium\test-failed-1.png
    ────────────────────────────────────────────────────────────────────────────────────────────────

    attachment #2: video (video/webm) ──────────────────────────────────────────────────────────────
    ..\..\test-results\core-functionality-Apple-N-75bb7-odal-when-clicking-backdrop-chromium\video.webm
    ────────────────────────────────────────────────────────────────────────────────────────────────
]]>
</failure>
<system-out>
<![CDATA[
[[ATTACHMENT|core-functionality-Apple-N-75bb7-odal-when-clicking-backdrop-chromium\test-failed-1.png]]

[[ATTACHMENT|core-functionality-Apple-N-75bb7-odal-when-clicking-backdrop-chromium\video.webm]]
]]>
</system-out>
</testcase>
<testcase name="Voice Capture Pipeline › should display voice capture interface" classname="core-functionality.spec.ts" time="67.014">
<failure message="core-functionality.spec.ts:102:7 should display voice capture interface" type="FAILURE">
<![CDATA[  [chromium] › core-functionality.spec.ts:102:7 › Voice Capture Pipeline › should display voice capture interface 

    Test timeout of 60000ms exceeded.

    Error: locator.click: Test timeout of 60000ms exceeded.
    Call log:
      - waiting for locator('[data-testid="quick-capture-fab"]').first()


      103 |     // Open voice capture modal
      104 |     const fab = page.locator('[data-testid="quick-capture-fab"]').first();
    > 105 |     await fab.click();
          |               ^
      106 |
      107 |     const voiceButton = page.locator('[data-testid="voice-record-button"]').first();
      108 |     const statusText = page.locator('[data-testid="voice-status"]').first();
        at D:\Projects\Cathcr\tests\e2e\core-functionality.spec.ts:105:15

    attachment #1: screenshot (image/png) ──────────────────────────────────────────────────────────
    ..\..\test-results\core-functionality-Voice-C-56bf5-lay-voice-capture-interface-chromium\test-failed-1.png
    ────────────────────────────────────────────────────────────────────────────────────────────────

    attachment #2: video (video/webm) ──────────────────────────────────────────────────────────────
    ..\..\test-results\core-functionality-Voice-C-56bf5-lay-voice-capture-interface-chromium\video.webm
    ────────────────────────────────────────────────────────────────────────────────────────────────
]]>
</failure>
<system-out>
<![CDATA[
[[ATTACHMENT|core-functionality-Voice-C-56bf5-lay-voice-capture-interface-chromium\test-failed-1.png]]

[[ATTACHMENT|core-functionality-Voice-C-56bf5-lay-voice-capture-interface-chromium\video.webm]]
]]>
</system-out>
</testcase>
<testcase name="Voice Capture Pipeline › should show recording interface when voice button clicked" classname="core-functionality.spec.ts" time="67.133">
<failure message="core-functionality.spec.ts:115:7 should show recording interface when voice button clicked" type="FAILURE">
<![CDATA[  [chromium] › core-functionality.spec.ts:115:7 › Voice Capture Pipeline › should show recording interface when voice button clicked 

    Test timeout of 60000ms exceeded.

    Error: locator.click: Test timeout of 60000ms exceeded.
    Call log:
      - waiting for locator('[data-testid="quick-capture-fab"]').first()


      121 |
      122 |     const fab = page.locator('[data-testid="quick-capture-fab"]').first();
    > 123 |     await fab.click();
          |               ^
      124 |
      125 |     const voiceButton = page.locator('[data-testid="voice-record-button"]').first();
      126 |     await voiceButton.click();
        at D:\Projects\Cathcr\tests\e2e\core-functionality.spec.ts:123:15

    attachment #1: screenshot (image/png) ──────────────────────────────────────────────────────────
    ..\..\test-results\core-functionality-Voice-C-1fb8a-e-when-voice-button-clicked-chromium\test-failed-1.png
    ────────────────────────────────────────────────────────────────────────────────────────────────

    attachment #2: video (video/webm) ──────────────────────────────────────────────────────────────
    ..\..\test-results\core-functionality-Voice-C-1fb8a-e-when-voice-button-clicked-chromium\video.webm
    ────────────────────────────────────────────────────────────────────────────────────────────────
]]>
</failure>
<system-out>
<![CDATA[
[[ATTACHMENT|core-functionality-Voice-C-1fb8a-e-when-voice-button-clicked-chromium\test-failed-1.png]]

[[ATTACHMENT|core-functionality-Voice-C-1fb8a-e-when-voice-button-clicked-chromium\video.webm]]
]]>
</system-out>
</testcase>
<testcase name="Performance and Accessibility › should load in under 2 seconds" classname="core-functionality.spec.ts" time="1.051">
</testcase>
<testcase name="Performance and Accessibility › should have proper accessibility attributes" classname="core-functionality.spec.ts" time="11.444">
<failure message="core-functionality.spec.ts:146:7 should have proper accessibility attributes" type="FAILURE">
<![CDATA[  [chromium] › core-functionality.spec.ts:146:7 › Performance and Accessibility › should have proper accessibility attributes 

    Error: expect(locator).toHaveAttribute(expected) failed

    Locator: locator('[data-testid="sidebar"]').first()
    Expected string: "navigation"
    Received: <element(s) not found>
    Timeout: 10000ms

    Call log:
      - Expect "toHaveAttribute" with timeout 10000ms
      - waiting for locator('[data-testid="sidebar"]').first()


      149 |     // Check for proper ARIA labels
      150 |     const sidebar = page.locator('[data-testid="sidebar"]').first();
    > 151 |     await expect(sidebar).toHaveAttribute('role', 'navigation');
          |                           ^
      152 |
      153 |     const fab = page.locator('[data-testid="quick-capture-fab"]').first();
      154 |     await expect(fab).toHaveAttribute('aria-label');
        at D:\Projects\Cathcr\tests\e2e\core-functionality.spec.ts:151:27

    attachment #1: screenshot (image/png) ──────────────────────────────────────────────────────────
    ..\..\test-results\core-functionality-Perform-16591-er-accessibility-attributes-chromium\test-failed-1.png
    ────────────────────────────────────────────────────────────────────────────────────────────────

    attachment #2: video (video/webm) ──────────────────────────────────────────────────────────────
    ..\..\test-results\core-functionality-Perform-16591-er-accessibility-attributes-chromium\video.webm
    ────────────────────────────────────────────────────────────────────────────────────────────────
]]>
</failure>
<system-out>
<![CDATA[
[[ATTACHMENT|core-functionality-Perform-16591-er-accessibility-attributes-chromium\test-failed-1.png]]

[[ATTACHMENT|core-functionality-Perform-16591-er-accessibility-attributes-chromium\video.webm]]
]]>
</system-out>
</testcase>
<testcase name="Performance and Accessibility › should be keyboard navigable" classname="core-functionality.spec.ts" time="11.594">
<failure message="core-functionality.spec.ts:157:7 should be keyboard navigable" type="FAILURE">
<![CDATA[  [chromium] › core-functionality.spec.ts:157:7 › Performance and Accessibility › should be keyboard navigable 

    Error: expect(locator).toBeVisible() failed

    Locator:  locator(':focus')
    Expected: visible
    Received: <element(s) not found>
    Timeout:  10000ms

    Call log:
      - Expect "toBeVisible" with timeout 10000ms
      - waiting for locator(':focus')


      161 |     await page.keyboard.press('Tab');
      162 |     const focusedElement = page.locator(':focus');
    > 163 |     await expect(focusedElement).toBeVisible();
          |                                  ^
      164 |   });
      165 |
      166 |   test('should meet WCAG color contrast requirements', async ({ page }) => {
        at D:\Projects\Cathcr\tests\e2e\core-functionality.spec.ts:163:34

    attachment #1: screenshot (image/png) ──────────────────────────────────────────────────────────
    ..\..\test-results\core-functionality-Perform-931af-hould-be-keyboard-navigable-chromium\test-failed-1.png
    ────────────────────────────────────────────────────────────────────────────────────────────────

    attachment #2: video (video/webm) ──────────────────────────────────────────────────────────────
    ..\..\test-results\core-functionality-Perform-931af-hould-be-keyboard-navigable-chromium\video.webm
    ────────────────────────────────────────────────────────────────────────────────────────────────
]]>
</failure>
<system-out>
<![CDATA[
[[ATTACHMENT|core-functionality-Perform-931af-hould-be-keyboard-navigable-chromium\test-failed-1.png]]

[[ATTACHMENT|core-functionality-Perform-931af-hould-be-keyboard-navigable-chromium\video.webm]]
]]>
</system-out>
</testcase>
<testcase name="Performance and Accessibility › should meet WCAG color contrast requirements" classname="core-functionality.spec.ts" time="64.49">
<failure message="core-functionality.spec.ts:166:7 should meet WCAG color contrast requirements" type="FAILURE">
<![CDATA[  [chromium] › core-functionality.spec.ts:166:7 › Performance and Accessibility › should meet WCAG color contrast requirements 

    Test timeout of 60000ms exceeded.

    Error: locator.evaluate: Test timeout of 60000ms exceeded.
    Call log:
      - waiting for locator('text=Inbox').first()


      169 |     // Check main text has sufficient contrast
      170 |     const textElement = page.locator('text=Inbox').first();
    > 171 |     const color = await textElement.evaluate((el) => {
          |                                     ^
      172 |       return window.getComputedStyle(el).color;
      173 |     });
      174 |
        at D:\Projects\Cathcr\tests\e2e\core-functionality.spec.ts:171:37

    attachment #1: screenshot (image/png) ──────────────────────────────────────────────────────────
    ..\..\test-results\core-functionality-Perform-ae76b-color-contrast-requirements-chromium\test-failed-1.png
    ────────────────────────────────────────────────────────────────────────────────────────────────

    attachment #2: video (video/webm) ──────────────────────────────────────────────────────────────
    ..\..\test-results\core-functionality-Perform-ae76b-color-contrast-requirements-chromium\video.webm
    ────────────────────────────────────────────────────────────────────────────────────────────────
]]>
</failure>
<system-out>
<![CDATA[
[[ATTACHMENT|core-functionality-Perform-ae76b-color-contrast-requirements-chromium\test-failed-1.png]]

[[ATTACHMENT|core-functionality-Perform-ae76b-color-contrast-requirements-chromium\video.webm]]
]]>
</system-out>
</testcase>
<testcase name="Responsive Design › should work on mobile viewport" classname="core-functionality.spec.ts" time="11.147">
<failure message="core-functionality.spec.ts:183:7 should work on mobile viewport" type="FAILURE">
<![CDATA[  [chromium] › core-functionality.spec.ts:183:7 › Responsive Design › should work on mobile viewport 

    Error: expect(locator).toBeVisible() failed

    Locator:  locator('[data-testid="quick-capture-fab"]').first()
    Expected: visible
    Received: <element(s) not found>
    Timeout:  10000ms

    Call log:
      - Expect "toBeVisible" with timeout 10000ms
      - waiting for locator('[data-testid="quick-capture-fab"]').first()


      188 |     const fab = page.locator('[data-testid="quick-capture-fab"]').first();
      189 |
    > 190 |     await expect(fab).toBeVisible();
          |                       ^
      191 |     // On mobile, sidebar might be initially hidden
      192 |   });
      193 |
        at D:\Projects\Cathcr\tests\e2e\core-functionality.spec.ts:190:23

    attachment #1: screenshot (image/png) ──────────────────────────────────────────────────────────
    ..\..\test-results\core-functionality-Respons-1f739-uld-work-on-mobile-viewport-chromium\test-failed-1.png
    ────────────────────────────────────────────────────────────────────────────────────────────────

    attachment #2: video (video/webm) ──────────────────────────────────────────────────────────────
    ..\..\test-results\core-functionality-Respons-1f739-uld-work-on-mobile-viewport-chromium\video.webm
    ────────────────────────────────────────────────────────────────────────────────────────────────
]]>
</failure>
<system-out>
<![CDATA[
[[ATTACHMENT|core-functionality-Respons-1f739-uld-work-on-mobile-viewport-chromium\test-failed-1.png]]

[[ATTACHMENT|core-functionality-Respons-1f739-uld-work-on-mobile-viewport-chromium\video.webm]]
]]>
</system-out>
</testcase>
<testcase name="Responsive Design › should work on tablet viewport" classname="core-functionality.spec.ts" time="0">
<failure message="core-functionality.spec.ts:194:7 should work on tablet viewport" type="FAILURE">
<![CDATA[  [chromium] › core-functionality.spec.ts:194:7 › Responsive Design › should work on tablet viewport 

    Error: worker process exited unexpectedly (code=3221225794, signal=null)
]]>
</failure>
</testcase>
<testcase name="Single Page Application Behavior › should not reload page on navigation" classname="core-functionality.spec.ts" time="0">
<failure message="core-functionality.spec.ts:209:7 should not reload page on navigation" type="FAILURE">
<![CDATA[  [chromium] › core-functionality.spec.ts:209:7 › Single Page Application Behavior › should not reload page on navigation 

    Error: worker process exited unexpectedly (code=3221225794, signal=null)
]]>
</failure>
</testcase>
<testcase name="Single Page Application Behavior › should handle URL changes without page refresh" classname="core-functionality.spec.ts" time="0">
<failure message="core-functionality.spec.ts:228:7 should handle URL changes without page refresh" type="FAILURE">
<![CDATA[  [chromium] › core-functionality.spec.ts:228:7 › Single Page Application Behavior › should handle URL changes without page refresh 

    Error: worker process exited unexpectedly (code=3221225794, signal=null)
]]>
</failure>
</testcase>
</testsuite>
<testsuite name="core-functionality.spec.ts" timestamp="2025-09-28T18:03:54.564Z" hostname="firefox" tests="16" failures="16" skipped="0" time="0" errors="0">
<testcase name="Apple Notes + Todoist Interface › should display three-panel Apple Notes layout" classname="core-functionality.spec.ts" time="0">
<failure message="core-functionality.spec.ts:16:7 should display three-panel Apple Notes layout" type="FAILURE">
<![CDATA[  [firefox] › core-functionality.spec.ts:16:7 › Apple Notes + Todoist Interface › should display three-panel Apple Notes layout 

    Error: worker process exited unexpectedly (code=3221225794, signal=null)
]]>
</failure>
</testcase>
<testcase name="Apple Notes + Todoist Interface › should collapse and expand sidebar like Apple Notes" classname="core-functionality.spec.ts" time="0">
<failure message="core-functionality.spec.ts:27:7 should collapse and expand sidebar like Apple Notes" type="FAILURE">
<![CDATA[  [firefox] › core-functionality.spec.ts:27:7 › Apple Notes + Todoist Interface › should collapse and expand sidebar like Apple Notes 

    Error: worker process exited unexpectedly (code=3221225794, signal=null)
]]>
</failure>
</testcase>
<testcase name="Apple Notes + Todoist Interface › should display smart collections (Inbox, Today, Completed)" classname="core-functionality.spec.ts" time="0">
<failure message="core-functionality.spec.ts:44:7 should display smart collections (Inbox, Today, Completed)" type="FAILURE">
<![CDATA[  [firefox] › core-functionality.spec.ts:44:7 › Apple Notes + Todoist Interface › should display smart collections (Inbox, Today, Completed) 

    Error: worker process exited unexpectedly (code=3221225794, signal=null)
]]>
</failure>
</testcase>
<testcase name="Apple Notes + Todoist Interface › should open quick capture modal via floating action button" classname="core-functionality.spec.ts" time="0">
<failure message="core-functionality.spec.ts:54:7 should open quick capture modal via floating action button" type="FAILURE">
<![CDATA[  [firefox] › core-functionality.spec.ts:54:7 › Apple Notes + Todoist Interface › should open quick capture modal via floating action button 

    Error: worker process exited unexpectedly (code=3221225794, signal=null)
]]>
</failure>
</testcase>
<testcase name="Apple Notes + Todoist Interface › should close modal with close button" classname="core-functionality.spec.ts" time="0">
<failure message="core-functionality.spec.ts:64:7 should close modal with close button" type="FAILURE">
<![CDATA[  [firefox] › core-functionality.spec.ts:64:7 › Apple Notes + Todoist Interface › should close modal with close button 

    Error: worker process exited unexpectedly (code=3221225794, signal=null)
]]>
</failure>
</testcase>
<testcase name="Apple Notes + Todoist Interface › should close modal when clicking backdrop" classname="core-functionality.spec.ts" time="0">
<failure message="core-functionality.spec.ts:79:7 should close modal when clicking backdrop" type="FAILURE">
<![CDATA[  [firefox] › core-functionality.spec.ts:79:7 › Apple Notes + Todoist Interface › should close modal when clicking backdrop 

    Error: worker process exited unexpectedly (code=3221225794, signal=null)
]]>
</failure>
</testcase>
<testcase name="Voice Capture Pipeline › should display voice capture interface" classname="core-functionality.spec.ts" time="0">
<failure message="core-functionality.spec.ts:102:7 should display voice capture interface" type="FAILURE">
<![CDATA[  [firefox] › core-functionality.spec.ts:102:7 › Voice Capture Pipeline › should display voice capture interface 

    Error: worker process exited unexpectedly (code=3221225794, signal=null)
]]>
</failure>
</testcase>
<testcase name="Voice Capture Pipeline › should show recording interface when voice button clicked" classname="core-functionality.spec.ts" time="0">
<failure message="core-functionality.spec.ts:115:7 should show recording interface when voice button clicked" type="FAILURE">
<![CDATA[  [firefox] › core-functionality.spec.ts:115:7 › Voice Capture Pipeline › should show recording interface when voice button clicked 

    Error: worker process exited unexpectedly (code=3221225794, signal=null)
]]>
</failure>
</testcase>
<testcase name="Performance and Accessibility › should load in under 2 seconds" classname="core-functionality.spec.ts" time="0">
<failure message="core-functionality.spec.ts:137:7 should load in under 2 seconds" type="FAILURE">
<![CDATA[  [firefox] › core-functionality.spec.ts:137:7 › Performance and Accessibility › should load in under 2 seconds 

    Error: worker process exited unexpectedly (code=3221225794, signal=null)
]]>
</failure>
</testcase>
<testcase name="Performance and Accessibility › should have proper accessibility attributes" classname="core-functionality.spec.ts" time="0">
<failure message="core-functionality.spec.ts:146:7 should have proper accessibility attributes" type="FAILURE">
<![CDATA[  [firefox] › core-functionality.spec.ts:146:7 › Performance and Accessibility › should have proper accessibility attributes 

    Error: worker process exited unexpectedly (code=3221225794, signal=null)
]]>
</failure>
</testcase>
<testcase name="Performance and Accessibility › should be keyboard navigable" classname="core-functionality.spec.ts" time="0">
<failure message="core-functionality.spec.ts:157:7 should be keyboard navigable" type="FAILURE">
<![CDATA[  [firefox] › core-functionality.spec.ts:157:7 › Performance and Accessibility › should be keyboard navigable 

    Error: worker process exited unexpectedly (code=3221225794, signal=null)
]]>
</failure>
</testcase>
<testcase name="Performance and Accessibility › should meet WCAG color contrast requirements" classname="core-functionality.spec.ts" time="0">
<failure message="core-functionality.spec.ts:166:7 should meet WCAG color contrast requirements" type="FAILURE">
<![CDATA[  [firefox] › core-functionality.spec.ts:166:7 › Performance and Accessibility › should meet WCAG color contrast requirements 

    Error: worker process exited unexpectedly (code=3221225794, signal=null)
]]>
</failure>
</testcase>
<testcase name="Responsive Design › should work on mobile viewport" classname="core-functionality.spec.ts" time="0">
<failure message="core-functionality.spec.ts:183:7 should work on mobile viewport" type="FAILURE">
<![CDATA[  [firefox] › core-functionality.spec.ts:183:7 › Responsive Design › should work on mobile viewport 

    Error: worker process exited unexpectedly (code=3221225794, signal=null)
]]>
</failure>
</testcase>
<testcase name="Responsive Design › should work on tablet viewport" classname="core-functionality.spec.ts" time="0">
<failure message="core-functionality.spec.ts:194:7 should work on tablet viewport" type="FAILURE">
<![CDATA[  [firefox] › core-functionality.spec.ts:194:7 › Responsive Design › should work on tablet viewport 

    Error: worker process exited unexpectedly (code=3221225794, signal=null)
]]>
</failure>
</testcase>
<testcase name="Single Page Application Behavior › should not reload page on navigation" classname="core-functionality.spec.ts" time="0">
<failure message="core-functionality.spec.ts:209:7 should not reload page on navigation" type="FAILURE">
<![CDATA[  [firefox] › core-functionality.spec.ts:209:7 › Single Page Application Behavior › should not reload page on navigation 

    Error: worker process exited unexpectedly (code=3221225794, signal=null)
]]>
</failure>
</testcase>
<testcase name="Single Page Application Behavior › should handle URL changes without page refresh" classname="core-functionality.spec.ts" time="0">
<failure message="core-functionality.spec.ts:228:7 should handle URL changes without page refresh" type="FAILURE">
<![CDATA[  [firefox] › core-functionality.spec.ts:228:7 › Single Page Application Behavior › should handle URL changes without page refresh 

    Error: worker process exited unexpectedly (code=3221225794, signal=null)
]]>
</failure>
</testcase>
</testsuite>
<testsuite name="core-functionality.spec.ts" timestamp="2025-09-28T18:03:54.564Z" hostname="webkit" tests="16" failures="16" skipped="0" time="0" errors="0">
<testcase name="Apple Notes + Todoist Interface › should display three-panel Apple Notes layout" classname="core-functionality.spec.ts" time="0">
<failure message="core-functionality.spec.ts:16:7 should display three-panel Apple Notes layout" type="FAILURE">
<![CDATA[  [webkit] › core-functionality.spec.ts:16:7 › Apple Notes + Todoist Interface › should display three-panel Apple Notes layout 

    Error: worker process exited unexpectedly (code=3221225794, signal=null)
]]>
</failure>
</testcase>
<testcase name="Apple Notes + Todoist Interface › should collapse and expand sidebar like Apple Notes" classname="core-functionality.spec.ts" time="0">
<failure message="core-functionality.spec.ts:27:7 should collapse and expand sidebar like Apple Notes" type="FAILURE">
<![CDATA[  [webkit] › core-functionality.spec.ts:27:7 › Apple Notes + Todoist Interface › should collapse and expand sidebar like Apple Notes 

    Error: worker process exited unexpectedly (code=3221225794, signal=null)
]]>
</failure>
</testcase>
<testcase name="Apple Notes + Todoist Interface › should display smart collections (Inbox, Today, Completed)" classname="core-functionality.spec.ts" time="0">
<failure message="core-functionality.spec.ts:44:7 should display smart collections (Inbox, Today, Completed)" type="FAILURE">
<![CDATA[  [webkit] › core-functionality.spec.ts:44:7 › Apple Notes + Todoist Interface › should display smart collections (Inbox, Today, Completed) 

    Error: worker process exited unexpectedly (code=3221225794, signal=null)
]]>
</failure>
</testcase>
<testcase name="Apple Notes + Todoist Interface › should open quick capture modal via floating action button" classname="core-functionality.spec.ts" time="0">
<failure message="core-functionality.spec.ts:54:7 should open quick capture modal via floating action button" type="FAILURE">
<![CDATA[  [webkit] › core-functionality.spec.ts:54:7 › Apple Notes + Todoist Interface › should open quick capture modal via floating action button 

    Error: worker process exited unexpectedly (code=3221225794, signal=null)
]]>
</failure>
</testcase>
<testcase name="Apple Notes + Todoist Interface › should close modal with close button" classname="core-functionality.spec.ts" time="0">
<failure message="core-functionality.spec.ts:64:7 should close modal with close button" type="FAILURE">
<![CDATA[  [webkit] › core-functionality.spec.ts:64:7 › Apple Notes + Todoist Interface › should close modal with close button 

    Error: worker process exited unexpectedly (code=3221225794, signal=null)
]]>
</failure>
</testcase>
<testcase name="Apple Notes + Todoist Interface › should close modal when clicking backdrop" classname="core-functionality.spec.ts" time="0">
<failure message="core-functionality.spec.ts:79:7 should close modal when clicking backdrop" type="FAILURE">
<![CDATA[  [webkit] › core-functionality.spec.ts:79:7 › Apple Notes + Todoist Interface › should close modal when clicking backdrop 

    Error: worker process exited unexpectedly (code=3221225794, signal=null)
]]>
</failure>
</testcase>
<testcase name="Voice Capture Pipeline › should display voice capture interface" classname="core-functionality.spec.ts" time="0">
<failure message="core-functionality.spec.ts:102:7 should display voice capture interface" type="FAILURE">
<![CDATA[  [webkit] › core-functionality.spec.ts:102:7 › Voice Capture Pipeline › should display voice capture interface 

    Error: worker process exited unexpectedly (code=3221225794, signal=null)
]]>
</failure>
</testcase>
<testcase name="Voice Capture Pipeline › should show recording interface when voice button clicked" classname="core-functionality.spec.ts" time="0">
<failure message="core-functionality.spec.ts:115:7 should show recording interface when voice button clicked" type="FAILURE">
<![CDATA[  [webkit] › core-functionality.spec.ts:115:7 › Voice Capture Pipeline › should show recording interface when voice button clicked 

    Error: worker process exited unexpectedly (code=3221225794, signal=null)
]]>
</failure>
</testcase>
<testcase name="Performance and Accessibility › should load in under 2 seconds" classname="core-functionality.spec.ts" time="0">
<failure message="core-functionality.spec.ts:137:7 should load in under 2 seconds" type="FAILURE">
<![CDATA[  [webkit] › core-functionality.spec.ts:137:7 › Performance and Accessibility › should load in under 2 seconds 

    Error: worker process exited unexpectedly (code=3221225794, signal=null)
]]>
</failure>
</testcase>
<testcase name="Performance and Accessibility › should have proper accessibility attributes" classname="core-functionality.spec.ts" time="0">
<failure message="core-functionality.spec.ts:146:7 should have proper accessibility attributes" type="FAILURE">
<![CDATA[  [webkit] › core-functionality.spec.ts:146:7 › Performance and Accessibility › should have proper accessibility attributes 

    Error: worker process exited unexpectedly (code=3221225794, signal=null)
]]>
</failure>
</testcase>
<testcase name="Performance and Accessibility › should be keyboard navigable" classname="core-functionality.spec.ts" time="0">
<failure message="core-functionality.spec.ts:157:7 should be keyboard navigable" type="FAILURE">
<![CDATA[  [webkit] › core-functionality.spec.ts:157:7 › Performance and Accessibility › should be keyboard navigable 

    Error: worker process exited unexpectedly (code=3221225794, signal=null)
]]>
</failure>
</testcase>
<testcase name="Performance and Accessibility › should meet WCAG color contrast requirements" classname="core-functionality.spec.ts" time="0">
<failure message="core-functionality.spec.ts:166:7 should meet WCAG color contrast requirements" type="FAILURE">
<![CDATA[  [webkit] › core-functionality.spec.ts:166:7 › Performance and Accessibility › should meet WCAG color contrast requirements 

    Error: worker process exited unexpectedly (code=3221225794, signal=null)
]]>
</failure>
</testcase>
<testcase name="Responsive Design › should work on mobile viewport" classname="core-functionality.spec.ts" time="0">
<failure message="core-functionality.spec.ts:183:7 should work on mobile viewport" type="FAILURE">
<![CDATA[  [webkit] › core-functionality.spec.ts:183:7 › Responsive Design › should work on mobile viewport ─

    Error: worker process exited unexpectedly (code=3221225794, signal=null)
]]>
</failure>
</testcase>
<testcase name="Responsive Design › should work on tablet viewport" classname="core-functionality.spec.ts" time="0">
<failure message="core-functionality.spec.ts:194:7 should work on tablet viewport" type="FAILURE">
<![CDATA[  [webkit] › core-functionality.spec.ts:194:7 › Responsive Design › should work on tablet viewport ─

    Error: worker process exited unexpectedly (code=3221225794, signal=null)
]]>
</failure>
</testcase>
<testcase name="Single Page Application Behavior › should not reload page on navigation" classname="core-functionality.spec.ts" time="0">
<failure message="core-functionality.spec.ts:209:7 should not reload page on navigation" type="FAILURE">
<![CDATA[  [webkit] › core-functionality.spec.ts:209:7 › Single Page Application Behavior › should not reload page on navigation 

    Error: worker process exited unexpectedly (code=3221225794, signal=null)
]]>
</failure>
</testcase>
<testcase name="Single Page Application Behavior › should handle URL changes without page refresh" classname="core-functionality.spec.ts" time="0">
<failure message="core-functionality.spec.ts:228:7 should handle URL changes without page refresh" type="FAILURE">
<![CDATA[  [webkit] › core-functionality.spec.ts:228:7 › Single Page Application Behavior › should handle URL changes without page refresh 

    Error: worker process exited unexpectedly (code=3221225794, signal=null)
]]>
</failure>
</testcase>
</testsuite>
<testsuite name="core-functionality.spec.ts" timestamp="2025-09-28T18:03:54.564Z" hostname="Mobile Chrome" tests="16" failures="16" skipped="0" time="0" errors="0">
<testcase name="Apple Notes + Todoist Interface › should display three-panel Apple Notes layout" classname="core-functionality.spec.ts" time="0">
<failure message="core-functionality.spec.ts:16:7 should display three-panel Apple Notes layout" type="FAILURE">
<![CDATA[  [Mobile Chrome] › core-functionality.spec.ts:16:7 › Apple Notes + Todoist Interface › should display three-panel Apple Notes layout 

    Error: worker process exited unexpectedly (code=3221225794, signal=null)
]]>
</failure>
</testcase>
<testcase name="Apple Notes + Todoist Interface › should collapse and expand sidebar like Apple Notes" classname="core-functionality.spec.ts" time="0">
<failure message="core-functionality.spec.ts:27:7 should collapse and expand sidebar like Apple Notes" type="FAILURE">
<![CDATA[  [Mobile Chrome] › core-functionality.spec.ts:27:7 › Apple Notes + Todoist Interface › should collapse and expand sidebar like Apple Notes 

    Error: worker process exited unexpectedly (code=3221225794, signal=null)
]]>
</failure>
</testcase>
<testcase name="Apple Notes + Todoist Interface › should display smart collections (Inbox, Today, Completed)" classname="core-functionality.spec.ts" time="0">
<failure message="core-functionality.spec.ts:44:7 should display smart collections (Inbox, Today, Completed)" type="FAILURE">
<![CDATA[  [Mobile Chrome] › core-functionality.spec.ts:44:7 › Apple Notes + Todoist Interface › should display smart collections (Inbox, Today, Completed) 

    Error: worker process exited unexpectedly (code=3221225794, signal=null)
]]>
</failure>
</testcase>
<testcase name="Apple Notes + Todoist Interface › should open quick capture modal via floating action button" classname="core-functionality.spec.ts" time="0">
<failure message="core-functionality.spec.ts:54:7 should open quick capture modal via floating action button" type="FAILURE">
<![CDATA[  [Mobile Chrome] › core-functionality.spec.ts:54:7 › Apple Notes + Todoist Interface › should open quick capture modal via floating action button 

    Error: worker process exited unexpectedly (code=3221225794, signal=null)
]]>
</failure>
</testcase>
<testcase name="Apple Notes + Todoist Interface › should close modal with close button" classname="core-functionality.spec.ts" time="0">
<failure message="core-functionality.spec.ts:64:7 should close modal with close button" type="FAILURE">
<![CDATA[  [Mobile Chrome] › core-functionality.spec.ts:64:7 › Apple Notes + Todoist Interface › should close modal with close button 

    Error: worker process exited unexpectedly (code=3221225794, signal=null)
]]>
</failure>
</testcase>
<testcase name="Apple Notes + Todoist Interface › should close modal when clicking backdrop" classname="core-functionality.spec.ts" time="0">
<failure message="core-functionality.spec.ts:79:7 should close modal when clicking backdrop" type="FAILURE">
<![CDATA[  [Mobile Chrome] › core-functionality.spec.ts:79:7 › Apple Notes + Todoist Interface › should close modal when clicking backdrop 

    Error: worker process exited unexpectedly (code=3221225794, signal=null)
]]>
</failure>
</testcase>
<testcase name="Voice Capture Pipeline › should display voice capture interface" classname="core-functionality.spec.ts" time="0">
<failure message="core-functionality.spec.ts:102:7 should display voice capture interface" type="FAILURE">
<![CDATA[  [Mobile Chrome] › core-functionality.spec.ts:102:7 › Voice Capture Pipeline › should display voice capture interface 

    Error: worker process exited unexpectedly (code=3221225794, signal=null)
]]>
</failure>
</testcase>
<testcase name="Voice Capture Pipeline › should show recording interface when voice button clicked" classname="core-functionality.spec.ts" time="0">
<failure message="core-functionality.spec.ts:115:7 should show recording interface when voice button clicked" type="FAILURE">
<![CDATA[  [Mobile Chrome] › core-functionality.spec.ts:115:7 › Voice Capture Pipeline › should show recording interface when voice button clicked 

    Error: worker process exited unexpectedly (code=3221225794, signal=null)
]]>
</failure>
</testcase>
<testcase name="Performance and Accessibility › should load in under 2 seconds" classname="core-functionality.spec.ts" time="0">
<failure message="core-functionality.spec.ts:137:7 should load in under 2 seconds" type="FAILURE">
<![CDATA[  [Mobile Chrome] › core-functionality.spec.ts:137:7 › Performance and Accessibility › should load in under 2 seconds 

    Error: worker process exited unexpectedly (code=3221225794, signal=null)
]]>
</failure>
</testcase>
<testcase name="Performance and Accessibility › should have proper accessibility attributes" classname="core-functionality.spec.ts" time="0">
<failure message="core-functionality.spec.ts:146:7 should have proper accessibility attributes" type="FAILURE">
<![CDATA[  [Mobile Chrome] › core-functionality.spec.ts:146:7 › Performance and Accessibility › should have proper accessibility attributes 

    Error: worker process exited unexpectedly (code=3221225794, signal=null)
]]>
</failure>
</testcase>
<testcase name="Performance and Accessibility › should be keyboard navigable" classname="core-functionality.spec.ts" time="0">
<failure message="core-functionality.spec.ts:157:7 should be keyboard navigable" type="FAILURE">
<![CDATA[  [Mobile Chrome] › core-functionality.spec.ts:157:7 › Performance and Accessibility › should be keyboard navigable 

    Error: worker process exited unexpectedly (code=3221225794, signal=null)
]]>
</failure>
</testcase>
<testcase name="Performance and Accessibility › should meet WCAG color contrast requirements" classname="core-functionality.spec.ts" time="0">
<failure message="core-functionality.spec.ts:166:7 should meet WCAG color contrast requirements" type="FAILURE">
<![CDATA[  [Mobile Chrome] › core-functionality.spec.ts:166:7 › Performance and Accessibility › should meet WCAG color contrast requirements 

    Error: worker process exited unexpectedly (code=3221225794, signal=null)
]]>
</failure>
</testcase>
<testcase name="Responsive Design › should work on mobile viewport" classname="core-functionality.spec.ts" time="0">
<failure message="core-functionality.spec.ts:183:7 should work on mobile viewport" type="FAILURE">
<![CDATA[  [Mobile Chrome] › core-functionality.spec.ts:183:7 › Responsive Design › should work on mobile viewport 

    Error: worker process exited unexpectedly (code=3221225794, signal=null)
]]>
</failure>
</testcase>
<testcase name="Responsive Design › should work on tablet viewport" classname="core-functionality.spec.ts" time="0">
<failure message="core-functionality.spec.ts:194:7 should work on tablet viewport" type="FAILURE">
<![CDATA[  [Mobile Chrome] › core-functionality.spec.ts:194:7 › Responsive Design › should work on tablet viewport 

    Error: worker process exited unexpectedly (code=3221225794, signal=null)
]]>
</failure>
</testcase>
<testcase name="Single Page Application Behavior › should not reload page on navigation" classname="core-functionality.spec.ts" time="0">
<failure message="core-functionality.spec.ts:209:7 should not reload page on navigation" type="FAILURE">
<![CDATA[  [Mobile Chrome] › core-functionality.spec.ts:209:7 › Single Page Application Behavior › should not reload page on navigation 

    Error: worker process exited unexpectedly (code=3221225794, signal=null)
]]>
</failure>
</testcase>
<testcase name="Single Page Application Behavior › should handle URL changes without page refresh" classname="core-functionality.spec.ts" time="0">
<failure message="core-functionality.spec.ts:228:7 should handle URL changes without page refresh" type="FAILURE">
<![CDATA[  [Mobile Chrome] › core-functionality.spec.ts:228:7 › Single Page Application Behavior › should handle URL changes without page refresh 

    Error: worker process exited unexpectedly (code=3221225794, signal=null)
]]>
</failure>
</testcase>
</testsuite>
<testsuite name="core-functionality.spec.ts" timestamp="2025-09-28T18:03:54.564Z" hostname="Mobile Safari" tests="16" failures="16" skipped="0" time="0" errors="0">
<testcase name="Apple Notes + Todoist Interface › should display three-panel Apple Notes layout" classname="core-functionality.spec.ts" time="0">
<failure message="core-functionality.spec.ts:16:7 should display three-panel Apple Notes layout" type="FAILURE">
<![CDATA[  [Mobile Safari] › core-functionality.spec.ts:16:7 › Apple Notes + Todoist Interface › should display three-panel Apple Notes layout 

    Error: worker process exited unexpectedly (code=3221225794, signal=null)
]]>
</failure>
</testcase>
<testcase name="Apple Notes + Todoist Interface › should collapse and expand sidebar like Apple Notes" classname="core-functionality.spec.ts" time="0">
<failure message="core-functionality.spec.ts:27:7 should collapse and expand sidebar like Apple Notes" type="FAILURE">
<![CDATA[  [Mobile Safari] › core-functionality.spec.ts:27:7 › Apple Notes + Todoist Interface › should collapse and expand sidebar like Apple Notes 

    Error: worker process exited unexpectedly (code=3221225794, signal=null)
]]>
</failure>
</testcase>
<testcase name="Apple Notes + Todoist Interface › should display smart collections (Inbox, Today, Completed)" classname="core-functionality.spec.ts" time="0">
<failure message="core-functionality.spec.ts:44:7 should display smart collections (Inbox, Today, Completed)" type="FAILURE">
<![CDATA[  [Mobile Safari] › core-functionality.spec.ts:44:7 › Apple Notes + Todoist Interface › should display smart collections (Inbox, Today, Completed) 

    Error: worker process exited unexpectedly (code=3221225794, signal=null)
]]>
</failure>
</testcase>
<testcase name="Apple Notes + Todoist Interface › should open quick capture modal via floating action button" classname="core-functionality.spec.ts" time="0">
<failure message="core-functionality.spec.ts:54:7 should open quick capture modal via floating action button" type="FAILURE">
<![CDATA[  [Mobile Safari] › core-functionality.spec.ts:54:7 › Apple Notes + Todoist Interface › should open quick capture modal via floating action button 

    Error: worker process exited unexpectedly (code=3221225794, signal=null)
]]>
</failure>
</testcase>
<testcase name="Apple Notes + Todoist Interface › should close modal with close button" classname="core-functionality.spec.ts" time="0">
<failure message="core-functionality.spec.ts:64:7 should close modal with close button" type="FAILURE">
<![CDATA[  [Mobile Safari] › core-functionality.spec.ts:64:7 › Apple Notes + Todoist Interface › should close modal with close button 

    Error: worker process exited unexpectedly (code=3221225794, signal=null)
]]>
</failure>
</testcase>
<testcase name="Apple Notes + Todoist Interface › should close modal when clicking backdrop" classname="core-functionality.spec.ts" time="0">
<failure message="core-functionality.spec.ts:79:7 should close modal when clicking backdrop" type="FAILURE">
<![CDATA[  [Mobile Safari] › core-functionality.spec.ts:79:7 › Apple Notes + Todoist Interface › should close modal when clicking backdrop 

    Error: worker process exited unexpectedly (code=3221225794, signal=null)
]]>
</failure>
</testcase>
<testcase name="Voice Capture Pipeline › should display voice capture interface" classname="core-functionality.spec.ts" time="0">
<failure message="core-functionality.spec.ts:102:7 should display voice capture interface" type="FAILURE">
<![CDATA[  [Mobile Safari] › core-functionality.spec.ts:102:7 › Voice Capture Pipeline › should display voice capture interface 

    Error: worker process exited unexpectedly (code=3221225794, signal=null)
]]>
</failure>
</testcase>
<testcase name="Voice Capture Pipeline › should show recording interface when voice button clicked" classname="core-functionality.spec.ts" time="0">
<failure message="core-functionality.spec.ts:115:7 should show recording interface when voice button clicked" type="FAILURE">
<![CDATA[  [Mobile Safari] › core-functionality.spec.ts:115:7 › Voice Capture Pipeline › should show recording interface when voice button clicked 

    Error: worker process exited unexpectedly (code=3221225794, signal=null)
]]>
</failure>
</testcase>
<testcase name="Performance and Accessibility › should load in under 2 seconds" classname="core-functionality.spec.ts" time="0">
<failure message="core-functionality.spec.ts:137:7 should load in under 2 seconds" type="FAILURE">
<![CDATA[  [Mobile Safari] › core-functionality.spec.ts:137:7 › Performance and Accessibility › should load in under 2 seconds 

    Error: worker process exited unexpectedly (code=3221225794, signal=null)
]]>
</failure>
</testcase>
<testcase name="Performance and Accessibility › should have proper accessibility attributes" classname="core-functionality.spec.ts" time="0">
<failure message="core-functionality.spec.ts:146:7 should have proper accessibility attributes" type="FAILURE">
<![CDATA[  [Mobile Safari] › core-functionality.spec.ts:146:7 › Performance and Accessibility › should have proper accessibility attributes 

    Error: worker process exited unexpectedly (code=3221225794, signal=null)
]]>
</failure>
</testcase>
<testcase name="Performance and Accessibility › should be keyboard navigable" classname="core-functionality.spec.ts" time="0">
<failure message="core-functionality.spec.ts:157:7 should be keyboard navigable" type="FAILURE">
<![CDATA[  [Mobile Safari] › core-functionality.spec.ts:157:7 › Performance and Accessibility › should be keyboard navigable 

    Error: worker process exited unexpectedly (code=3221225794, signal=null)
]]>
</failure>
</testcase>
<testcase name="Performance and Accessibility › should meet WCAG color contrast requirements" classname="core-functionality.spec.ts" time="0">
<failure message="core-functionality.spec.ts:166:7 should meet WCAG color contrast requirements" type="FAILURE">
<![CDATA[  [Mobile Safari] › core-functionality.spec.ts:166:7 › Performance and Accessibility › should meet WCAG color contrast requirements 

    Error: worker process exited unexpectedly (code=3221225794, signal=null)
]]>
</failure>
</testcase>
<testcase name="Responsive Design › should work on mobile viewport" classname="core-functionality.spec.ts" time="0">
<failure message="core-functionality.spec.ts:183:7 should work on mobile viewport" type="FAILURE">
<![CDATA[  [Mobile Safari] › core-functionality.spec.ts:183:7 › Responsive Design › should work on mobile viewport 

    Error: worker process exited unexpectedly (code=3221225794, signal=null)
]]>
</failure>
</testcase>
<testcase name="Responsive Design › should work on tablet viewport" classname="core-functionality.spec.ts" time="0">
<failure message="core-functionality.spec.ts:194:7 should work on tablet viewport" type="FAILURE">
<![CDATA[  [Mobile Safari] › core-functionality.spec.ts:194:7 › Responsive Design › should work on tablet viewport 

    Error: worker process exited unexpectedly (code=3221225794, signal=null)
]]>
</failure>
</testcase>
<testcase name="Single Page Application Behavior › should not reload page on navigation" classname="core-functionality.spec.ts" time="0">
<failure message="core-functionality.spec.ts:209:7 should not reload page on navigation" type="FAILURE">
<![CDATA[  [Mobile Safari] › core-functionality.spec.ts:209:7 › Single Page Application Behavior › should not reload page on navigation 

    Error: worker process exited unexpectedly (code=3221225794, signal=null)
]]>
</failure>
</testcase>
<testcase name="Single Page Application Behavior › should handle URL changes without page refresh" classname="core-functionality.spec.ts" time="0">
<failure message="core-functionality.spec.ts:228:7 should handle URL changes without page refresh" type="FAILURE">
<![CDATA[  [Mobile Safari] › core-functionality.spec.ts:228:7 › Single Page Application Behavior › should handle URL changes without page refresh 

    Error: worker process exited unexpectedly (code=3221225794, signal=null)
]]>
</failure>
</testcase>
</testsuite>
</testsuites>